

                             _   _
                            (_) | |
      __ _   _ __   __   __  _  | |
     / _` | | '_ \  \ \ / / | | | |
    | (_| | | | | |  \ V /  | | | |
     \__,_| |_| |_|   \_/   |_| |_|

    1.2.3-stable (a813a2cee7 2025-06-08T15:42:40.147013149Z)
    https://github.com/foundry-rs/foundry

Available Accounts
==================

(0) 0xf39Fd6e51aad88F6F4ce6aB8827279cffFb92266 (10000.000000000000000000 ETH)
(1) 0x70997970C51812dc3A010C7d01b50e0d17dc79C8 (10000.000000000000000000 ETH)
(2) 0x3C44CdDdB6a900fa2b585dd299e03d12FA4293BC (10000.000000000000000000 ETH)
(3) 0x90F79bf6EB2c4f870365E785982E1f101E93b906 (10000.000000000000000000 ETH)
(4) 0x15d34AAf54267DB7D7c367839AAf71A00a2C6A65 (10000.000000000000000000 ETH)
(5) 0x9965507D1a55bcC2695C58ba16FB37d819B0A4dc (10000.000000000000000000 ETH)
(6) 0x976EA74026E726554dB657fA54763abd0C3a0aa9 (10000.000000000000000000 ETH)
(7) 0x14dC79964da2C08b23698B3D3cc7Ca32193d9955 (10000.000000000000000000 ETH)
(8) 0x23618e81E3f5cdF7f54C3d65f7FBc0aBf5B21E8f (10000.000000000000000000 ETH)
(9) 0xa0Ee7A142d267C1f36714E4a8F75612F20a79720 (10000.000000000000000000 ETH)

Private Keys
==================

(0) 0xac0974bec39a17e36ba4a6b4d238ff944bacb478cbed5efcae784d7bf4f2ff80
(1) 0x59c6995e998f97a5a0044966f0945389dc9e86dae88c7a8412f4603b6b78690d
(2) 0x5de4111afa1a4b94908f83103eb1f1706367c2e68ca870fc3fb9a804cdab365a
(3) 0x7c852118294e51e653712a81e05800f419141751be58f605c371e15141b007a6
(4) 0x47e179ec197488593b187f80a00eb0da91f1b9d0b13f8733639f19c30a34926a
(5) 0x8b3a350cf5c34c9194ca85829a2df0ec3153be0318b5e2d3348e872092edffba
(6) 0x92db14e403b83dfe3df233f83dfa3a0d7096f21ca9b0d6d6b8d88b2b4ec1564e
(7) 0x4bbbf85ce3377467afe5d46f804f221813b2bb87f24d81f60f1fcdbf7cbf4356
(8) 0xdbda1821b80551c9d65939329250298aa3472ba22feea921c0cf5d620ea67b97
(9) 0x2a871d0798f97d79848a013d4936a73bf4cc922c825d33c1cf7073dff6d409c6

Wallet
==================
Mnemonic:          test test test test test test test test test test test junk
Derivation path:   m/44'/60'/0'/0/


Chain ID
==================

31337

Base Fee
==================

1000000000

Gas Limit
==================

30000000

Genesis Timestamp
==================

1753960634

Genesis Number
==================

0

Listening on 0.0.0.0:8545
eth_blockNumber
eth_getTransactionCount
eth_getCode
eth_blockNumber
eth_gasPrice
eth_chainId
eth_getBlockByNumber
eth_blockNumber
eth_gasPrice
eth_chainId
eth_getBlockByNumber
eth_getBalance
eth_getCode
eth_getTransactionCount
eth_getBalance
eth_getTransactionCount
eth_getCode
eth_getBalance
eth_getCode
eth_getTransactionCount
eth_getBalance
eth_getCode
eth_getTransactionCount
eth_getBalance
eth_getCode
eth_getTransactionCount
eth_getBalance
eth_getTransactionCount
eth_getCode
eth_getBalance
eth_getCode
eth_getTransactionCount
eth_getBalance
eth_getCode
eth_getTransactionCount
eth_getBalance
eth_getCode
eth_getTransactionCount
eth_getBalance
eth_getCode
eth_getTransactionCount
eth_getBalance
eth_getCode
eth_getTransactionCount
eth_chainId
eth_chainId
eth_blockNumber
eth_gasPrice
eth_chainId
eth_getBlockByNumber
eth_chainId
eth_feeHistory
eth_feeHistory
eth_sendRawTransaction
eth_sendRawTransaction
eth_sendRawTransaction
eth_sendRawTransaction
eth_sendRawTransaction
eth_sendRawTransaction
eth_sendRawTransaction
eth_sendRawTransaction
eth_sendRawTransaction
eth_sendRawTransaction

    Transaction: 0xc238d8955ac8a121e71435e67b662d76e83ae997dbd4581e1e29675a78977e31
    Contract created: 0x5FbDB2315678afecb367f032d93F642f64180aa3
    Gas used: 598922

    Block Number: 1
    Block Hash: 0x865b55b0ac971c14127c1a4f2332c1ace7b912504309ebc1aac050350499cb36
    Block Time: "Thu, 31 Jul 2025 11:17:57 +0000"


    Transaction: 0xa730fa5ceb1f5ac0c777d954bd683567651068268a25d582e70bd7aae50f9120
    Contract created: 0xe7f1725E7734CE288F8367e1Bb143E90bb3F0512
    Gas used: 598982

    Transaction: 0x2ed25f353ac45642a4e8f824c7eecfb755f5d179255e6922bb9ce1f1af1a78b6
    Contract created: 0x9fE46736679d2D9a65F0992F2272dE9f3c7fa6e0
    Gas used: 1243548

    Block Number: 2
    Block Hash: 0xbdfecf1fc33f6b111c82de867299e87ca7a70a28a3693fa386ebae041447cb65
    Block Time: "Thu, 31 Jul 2025 11:17:57 +0000"


    Transaction: 0xe06748fa3620d4fe8086a210ee73729fd106ac5501cae0d1247a74c2af1250d1
    Contract created: 0xCf7Ed3AccA5a467e9e704C703E8D87F634fB0Fc9
    Gas used: 556055

    Transaction: 0x0e865d35699ca457417782be3cfd28acdcec62c1cae4df230dc297090e0c2e00
    Contract created: 0xDc64a140Aa3E981100a9becA4E685f962f0cF6C9
    Gas used: 2955328

    Transaction: 0x9e8de3db375bef2910f39e88f2d50b599ddef30ab37225d27264d1030914cf5b
    Gas used: 3023264

    Transaction: 0x3774d1fddee244913fe7fe07d52be3ec1fb88c5bb5ed2c4c40ac43db5e389f68
    Gas used: 3091176

    Transaction: 0x9b3aa333322168b10e352c9d036db713fa664ad42b1dcfb4494890915f259c6e
    Gas used: 3142012

    Transaction: 0xcc01ceaa8dde2aee3225cc9a7ae6318b39c5cd7132e5af94c803cf995ab6aa84
    Gas used: 3192824

    Transaction: 0xa6fbe3d7b7efad92c573de9206753f6842c09ea26a64849aafa20e9a2f977deb
    Gas used: 4102546

    Block Number: 3
    Block Hash: 0x3e78bfb2d6d2266635a4e6cb5b8d38bad5ded5dac702a466ecf5b7ece97524bc
    Block Time: "Thu, 31 Jul 2025 11:17:57 +0000"

eth_getTransactionReceipt
eth_getTransactionReceipt
eth_getTransactionReceipt
eth_getTransactionReceipt
eth_getTransactionReceipt
eth_getTransactionReceipt
eth_getTransactionReceipt
eth_getTransactionReceipt
eth_getTransactionReceipt
eth_getTransactionReceipt
eth_getTransactionReceipt
eth_getTransactionReceipt
eth_getTransactionReceipt
eth_getTransactionReceipt
eth_getTransactionReceipt
eth_getTransactionReceipt
eth_getTransactionReceipt
eth_getTransactionReceipt
eth_getTransactionReceipt
eth_getTransactionReceipt
eth_chainId
eth_getTransactionCount
eth_chainId
eth_blockNumber
eth_sendRawTransaction
eth_chainId

    Transaction: 0xd4fcc059708bb6dbec41c7c9f01e0c2ecac1c62e4c7e67f542b9c3130795cc80
    Gas used: 35140
    Error: reverted with: custom error 0x11649daf

    Block Number: 4
    Block Hash: 0x593f5eec23ad5af9543392782deaf622dc45622ddd84b333d33a5ab7131544e5
    Block Time: "Thu, 31 Jul 2025 11:21:13 +0000"

eth_chainId
eth_getTransactionReceipt
eth_call
eth_chainId
eth_chainId
eth_getTransactionCount
eth_chainId
eth_blockNumber
eth_sendRawTransaction
eth_chainId

    Transaction: 0x899eed3f0e2ad14684d867fe32ff2954ad161cfa041f001548fdd05c6adf380b
    Gas used: 35140
    Error: reverted with: custom error 0x11649daf

    Block Number: 5
    Block Hash: 0x305cb411f5a22ffd858e9dc788262d93307b75543ffaf00cd6cc852f95cb4fee
    Block Time: "Thu, 31 Jul 2025 11:22:20 +0000"

eth_chainId
eth_getTransactionReceipt
eth_chainId
eth_getTransactionCount
eth_chainId
eth_blockNumber
eth_sendRawTransaction
eth_chainId

    Transaction: 0x5571cefd55165bc2f952a86d5a5e36ebe6715e2eb189964adfdd7104d36e07e3
    Gas used: 35140
    Error: reverted with: custom error 0x11649daf

    Block Number: 6
    Block Hash: 0x40174c89cd41aa344055d57eee675880ece263962d33a957916b48f6e7b297cf
    Block Time: "Thu, 31 Jul 2025 11:52:17 +0000"

eth_chainId
eth_getTransactionReceipt
eth_chainId
eth_getTransactionCount
eth_chainId
eth_blockNumber
eth_sendRawTransaction
eth_chainId

    Transaction: 0x67671a96c0d7be731b1bebb59e73318aaa66ee2a1bc2496e5a11e72447a87321
    Gas used: 35140
    Error: reverted with: custom error 0x11649daf

    Block Number: 7
    Block Hash: 0x665393c786cd340c39fe11eb8179d1dabf9691da3349f849f3e7b662f9f9dd82
    Block Time: "Thu, 31 Jul 2025 11:54:11 +0000"

